c:\users\victo\desktop\utad\ia_07\ia\practica 7\esqueleto\debug\game.pch
c:\users\victo\desktop\utad\ia_07\ia\practica 7\esqueleto\debug\vc141.pdb
c:\users\victo\desktop\utad\ia_07\ia\practica 7\esqueleto\debug\vc141.idb
c:\users\victo\desktop\utad\ia_07\ia\practica 7\esqueleto\debug\stdafx.obj
c:\users\victo\desktop\utad\ia_07\ia\practica 7\esqueleto\debug\behaviour.obj
c:\users\victo\desktop\utad\ia_07\ia\practica 7\esqueleto\debug\character.obj
c:\users\victo\desktop\utad\ia_07\ia\practica 7\esqueleto\debug\gameconfig.obj
c:\users\victo\desktop\utad\ia_07\ia\practica 7\esqueleto\debug\grupo.obj
c:\users\victo\desktop\utad\ia_07\ia\practica 7\esqueleto\debug\folderwatcher-win.obj
c:\users\victo\desktop\utad\ia_07\ia\practica 7\esqueleto\debug\gluthost.obj
c:\users\victo\desktop\utad\ia_07\ia\practica 7\esqueleto\debug\gluthostmain.obj
c:\users\victo\desktop\utad\ia_07\ia\practica 7\esqueleto\debug\particlepresets.obj
c:\users\victo\desktop\utad\ia_07\ia\practica 7\esqueleto\debug\params.obj
c:\users\victo\desktop\utad\ia_07\ia\practica 7\esqueleto\debug\sequence.obj
c:\users\victo\desktop\utad\ia_07\ia\practica 7\esqueleto\debug\selector.obj
c:\users\victo\desktop\utad\ia_07\ia\practica 7\esqueleto\bin\win32\debug\game.exe
c:\users\victo\desktop\utad\ia_07\ia\practica 7\esqueleto\bin\win32\debug\game.ilk
c:\users\victo\desktop\utad\ia_07\ia\practica 7\esqueleto\bin\win32\debug\game.pdb
c:\users\victo\desktop\utad\ia_07\ia\practica 7\esqueleto\.\bin\win32\debug\game.exe
c:\users\victo\desktop\utad\ia_07\ia\practica 7\esqueleto\debug\game.tlog\cl.command.1.tlog
c:\users\victo\desktop\utad\ia_07\ia\practica 7\esqueleto\debug\game.tlog\cl.read.1.tlog
c:\users\victo\desktop\utad\ia_07\ia\practica 7\esqueleto\debug\game.tlog\cl.write.1.tlog
c:\users\victo\desktop\utad\ia_07\ia\practica 7\esqueleto\debug\game.tlog\link.command.1.tlog
c:\users\victo\desktop\utad\ia_07\ia\practica 7\esqueleto\debug\game.tlog\link.read.1.tlog
c:\users\victo\desktop\utad\ia_07\ia\practica 7\esqueleto\debug\game.tlog\link.write.1.tlog
