c:\users\felipe l\desktop\u-tad\ia\practica1\practicas\esqueleto\debug\game.pch
c:\users\felipe l\desktop\u-tad\ia\practica1\practicas\esqueleto\debug\vc141.pdb
c:\users\felipe l\desktop\u-tad\ia\practica1\practicas\esqueleto\debug\vc141.idb
c:\users\felipe l\desktop\u-tad\ia\practica1\practicas\esqueleto\debug\stdafx.obj
c:\users\felipe l\desktop\u-tad\ia\practica1\practicas\esqueleto\debug\alignsteering.obj
c:\users\felipe l\desktop\u-tad\ia\practica1\practicas\esqueleto\debug\arrivesteering.obj
c:\users\felipe l\desktop\u-tad\ia\practica1\practicas\esqueleto\debug\behavioursteering.obj
c:\users\felipe l\desktop\u-tad\ia\practica1\practicas\esqueleto\debug\character.obj
c:\users\felipe l\desktop\u-tad\ia\practica1\practicas\esqueleto\debug\gameconfig.obj
c:\users\felipe l\desktop\u-tad\ia\practica1\practicas\esqueleto\debug\folderwatcher-win.obj
c:\users\felipe l\desktop\u-tad\ia\practica1\practicas\esqueleto\debug\gluthost.obj
c:\users\felipe l\desktop\u-tad\ia\practica1\practicas\esqueleto\debug\gluthostmain.obj
c:\users\felipe l\desktop\u-tad\ia\practica1\practicas\esqueleto\debug\particlepresets.obj
c:\users\felipe l\desktop\u-tad\ia\practica1\practicas\esqueleto\debug\params.obj
c:\users\felipe l\desktop\u-tad\ia\practica1\practicas\esqueleto\debug\seeksteering.obj
c:\users\felipe l\desktop\u-tad\ia\practica1\practicas\esqueleto\bin\win32\debug\game.exe
c:\users\felipe l\desktop\u-tad\ia\practica1\practicas\esqueleto\bin\win32\debug\game.ilk
c:\users\felipe l\desktop\u-tad\ia\practica1\practicas\esqueleto\bin\win32\debug\game.pdb
c:\users\felipe l\desktop\u-tad\ia\practica1\practicas\esqueleto\.\bin\win32\debug\game.exe
c:\users\felipe l\desktop\u-tad\ia\practica1\practicas\esqueleto\debug\game.tlog\cl.command.1.tlog
c:\users\felipe l\desktop\u-tad\ia\practica1\practicas\esqueleto\debug\game.tlog\cl.read.1.tlog
c:\users\felipe l\desktop\u-tad\ia\practica1\practicas\esqueleto\debug\game.tlog\cl.write.1.tlog
c:\users\felipe l\desktop\u-tad\ia\practica1\practicas\esqueleto\debug\game.tlog\link.command.1.tlog
c:\users\felipe l\desktop\u-tad\ia\practica1\practicas\esqueleto\debug\game.tlog\link.read.1.tlog
c:\users\felipe l\desktop\u-tad\ia\practica1\practicas\esqueleto\debug\game.tlog\link.write.1.tlog
